Status: 201
Response:
{"messageId":"<202504241649.38281470379@smtp-relay.mailin.fr>"}

Status: 201
Response:
{"messageId":"<202504241652.15723868943@smtp-relay.mailin.fr>"}

Status: 201
Response:
{"messageId":"<202504241655.12808760866@smtp-relay.mailin.fr>"}

Status: 201
Response:
{"messageId":"<202504241656.66876238210@smtp-relay.mailin.fr>"}

Status: 201
Response:
{"messageId":"<202504241701.62273191098@smtp-relay.mailin.fr>"}

✅ Attachment added: billet_0_1745516682.pdf
✅ Attachment added: billet_0_1745519391.pdf
✅ Attachment added: billet_0_1745519475.pdf
✅ PDF attached: billet_0_1745519765.pdf
✅ PDF attached: billet_Yahya El Karoui_1745519896.pdf
✅ PDF attached: billet_Mourad el Midoussi_1745527905.pdf
✅ PDF attached: billet_Mourad el Midoussi_1745527966.pdf
✅ PDF attached: billet_Mourad el Midoussi_1745528035.pdf
✅ PDF attached: billet_Yahya el Karoui_1745677438.pdf
✅ PDF attached: billet_azeazeaze_1745677537.pdf
✅ PDF attached: billet_Mourad el Midoussi_1745682675.pdf
✅ PDF attached: billet_kailia_1745753954.pdf
✅ PDF attached: billet_yahya karoui_1745754704.pdf
✅ PDF attached: billet_kailia_1745756329.pdf
✅ PDF attached: billet_Donald_1745756397.pdf
✅ PDF attached: billet_Donald_1745756526.pdf
✅ PDF attached: billet_kailia_1745756580.pdf
✅ PDF attached: billet_kopa_1745756926.pdf
✅ PDF attached: billet_kopa_1745757168.pdf
✅ PDF attached: billet_kailia_1745757384.pdf
✅ PDF attached: billet_kopa_1745757448.pdf
✅ PDF attached: billet_kopa_1745757465.pdf
✅ PDF attached: billet_kailia_1745757639.pdf
✅ PDF attached: billet_Donald_1745757815.pdf
✅ PDF attached: billet_kailia_1745758678.pdf
