PDF Generated: https://pdf-temp-files.s3.amazonaws.com/3KYJHYPPTF3G30Y11Q2MHGCFVWPZ5ZGX/billet_Mourad_el_Midoussi.pdf?response-content-type=application%2Foctet-stream&response-content-disposition=attachment%3B%20filename%3D%22billet_Mourad_el_Midoussi.pdf%22&AWSAccessKeyId=AKIAIZJDPLX6D7EHVCKA&Signature=K04aylTu1hor4WMtaFmruMbFINo%3D&Expires=1745438726
Mail sent successfully.
PDF Generated: https://pdf-temp-files.s3.amazonaws.com/9YOST1M28L97U0NUURDNTV5L2SRDQSM2/billet_Mourad_el_Midoussi.pdf?response-content-type=application%2Foctet-stream&response-content-disposition=attachment%3B%20filename%3D%22billet_Mourad_el_Midoussi.pdf%22&AWSAccessKeyId=AKIAIZJDPLX6D7EHVCKA&Signature=Z5v%2B%2BSUaphRgWsktLPmgiTMQW9I%3D&Expires=1745438747
Mail sent successfully.
PDF Generated: https://pdf-temp-files.s3.amazonaws.com/5LI5MPDAW2URETZM2RIB4OBSBGI8NX0M/billet_Mourad_el_Midoussi.pdf?response-content-type=application%2Foctet-stream&response-content-disposition=attachment%3B%20filename%3D%22billet_Mourad_el_Midoussi.pdf%22&AWSAccessKeyId=AKIAIZJDPLX6D7EHVCKA&Signature=uaqoTRZPoK5tlKPhxOpoJ%2BhmIbc%3D&Expires=1745438844
Mail sent successfully.
PDF Generated: https://pdf-temp-files.s3.amazonaws.com/7QSW7JAZYIE36S0HNPMES99HA4RFP1AB/billet_Baalgruf_the_third_of_his_name_the_second.pdf?response-content-type=application%2Foctet-stream&response-content-disposition=attachment%3B%20filename%3D%22billet_Baalgruf_the_third_of_his_name_the_second.pdf%22&AWSAccessKeyId=AKIAIZJDPLX6D7EHVCKA&Signature=6cp4phkZt%2BiBF5ecj1A0wWLKNxU%3D&Expires=1745439178
Mail sent successfully.
PDF Generated: https://pdf-temp-files.s3.amazonaws.com/OLCV3BZNMRJCSQ8BITSYVRRTSUVWISKE/billet_Yahya_el_Karoui.pdf?response-content-type=application%2Foctet-stream&response-content-disposition=attachment%3B%20filename%3D%22billet_Yahya_el_Karoui.pdf%22&AWSAccessKeyId=AKIAIZJDPLX6D7EHVCKA&Signature=85BgEIrwOapDOPea4xkVkSQSImE%3D&Expires=1745439266
Mail sent successfully.
PDF Generated: C:\Users\USER\AppData\Local\Temp/billet_68093d2a21fac.pdf
Mail sent successfully.
PDF Generated: C:\Users\USER\AppData\Local\Temp/billet_68093d440ed7e.pdf
Mail sent successfully.
PDF Generated: C:\Users\USER\AppData\Local\Temp/billet_68093d8f93c48.pdf
Mail sent successfully.
PDF Generated: C:\Users\USER\AppData\Local\Temp/billet_68093dc46f124.pdf
Mail sent successfully.
PDF Generated: https://pdf-temp-files.s3.amazonaws.com/6XULXDITX2RU1RJVP15GQ68MHTV081PU/billet_Baalgruf_the_third_of_his_name_the_second.pdf?response-content-type=application%2Foctet-stream&response-content-disposition=attachment%3B%20filename%3D%22billet_Baalgruf_the_third_of_his_name_the_second.pdf%22&AWSAccessKeyId=AKIAIZJDPLX6D7EHVCKA&Signature=AhCuZcFUuCrIGJGEYKmfEadX8jE%3D&Expires=1745440115
Mail sent successfully.
PDF Generated: https://pdf-temp-files.s3.amazonaws.com/H6HQUUJZQFS31VJ6ESXWCKM9Y4FP7N4P/billet_azeazeaze.pdf?response-content-type=application%2Foctet-stream&response-content-disposition=attachment%3B%20filename%3D%22billet_azeazeaze.pdf%22&AWSAccessKeyId=AKIAIZJDPLX6D7EHVCKA&Signature=TpzRc2NLK%2FUlxFoie5tvk0j8xIQ%3D&Expires=1745440169
Mail sent successfully.
PDF Generated: https://pdf-temp-files.s3.amazonaws.com/WDJVZO6GWEMQGSIC3W3V200NZ2E6AZJ1/billet_Yahya_el_Karoui.pdf?response-content-type=application%2Foctet-stream&response-content-disposition=attachment%3B%20filename%3D%22billet_Yahya_el_Karoui.pdf%22&AWSAccessKeyId=AKIAIZJDPLX6D7EHVCKA&Signature=80jAee1CY5wCwfjxLPgD8fVYdw4%3D&Expires=1745440343
Mail sent successfully.
PDF Generated: https://pdf-temp-files.s3.amazonaws.com/XOYMV35CNAT7TFF8DEQGF6OV9KJ08ILY/billet_Mourad_el_Midoussi.pdf?response-content-type=application%2Foctet-stream&response-content-disposition=attachment%3B%20filename%3D%22billet_Mourad_el_Midoussi.pdf%22&AWSAccessKeyId=AKIAIZJDPLX6D7EHVCKA&Signature=IBHtOI48gClrWnHcsaw%2FqeI6pzU%3D&Expires=1745441669
Mail sent successfully.
PDF Generated: https://pdf-temp-files.s3.amazonaws.com/WDD2O608BXIII0GIB1D5BJ10I8UR47Q4/billet_zzzz.pdf?response-content-type=application%2Foctet-stream&response-content-disposition=attachment%3B%20filename%3D%22billet_zzzz.pdf%22&AWSAccessKeyId=AKIAIZJDPLX6D7EHVCKA&Signature=Gj%2B%2Bz9dmJAy6o4x8UHTR8z9RaMk%3D&Expires=1745441745
Mail sent successfully.
PDF Generated: https://pdf-temp-files.s3.amazonaws.com/XYDYI8M234S15G5DAPNBD5D9Y6YZQ5Z5/billet_zzzz.pdf?response-content-type=application%2Foctet-stream&response-content-disposition=attachment%3B%20filename%3D%22billet_zzzz.pdf%22&AWSAccessKeyId=AKIAIZJDPLX6D7EHVCKA&Signature=x0%2FizqSgy6g3eeY1ihjoVvnEC8M%3D&Expires=1745441788
Mail sent successfully.
PDF Generated: https://pdf-temp-files.s3.amazonaws.com/KDK4F8RRQBF20OXSPP611JRNL6J8GFIQ/billet_zzzz.pdf?response-content-type=application%2Foctet-stream&response-content-disposition=attachment%3B%20filename%3D%22billet_zzzz.pdf%22&AWSAccessKeyId=AKIAIZJDPLX6D7EHVCKA&Signature=K6j3mabzcYwyNXWmgR0PQmjWdCs%3D&Expires=1745441819
Mail sent successfully.
PDF Generated: https://pdf-temp-files.s3.amazonaws.com/657AUNJVT1BTZF2UQIHVB9ETULOMDS6N/billet_Mourad_el_Midoussi.pdf?response-content-type=application%2Foctet-stream&response-content-disposition=attachment%3B%20filename%3D%22billet_Mourad_el_Midoussi.pdf%22&AWSAccessKeyId=AKIAIZJDPLX6D7EHVCKA&Signature=WrYBrQKYeT2S50npAx1%2BHyvtiwE%3D&Expires=1745442233
Mail sent successfully.
PDF Generated: https://pdf-temp-files.s3.amazonaws.com/8A3JRZGJR46T644FN09727NWFHWFA7F3/billet_Yahya_el_Karoui.pdf?response-content-type=application%2Foctet-stream&response-content-disposition=attachment%3B%20filename%3D%22billet_Yahya_el_Karoui.pdf%22&AWSAccessKeyId=AKIAIZJDPLX6D7EHVCKA&Signature=q5aDFXY1EDljaV4ZsHPF69Be%2FEw%3D&Expires=1745442324
Mail sent successfully.
PDF Generated: https://pdf-temp-files.s3.amazonaws.com/ZSECJXG2J8FLNS0SDOAQS5M1UBTBTHCN/billet_Mourad_el_Midoussi.pdf?response-content-type=application%2Foctet-stream&response-content-disposition=attachment%3B%20filename%3D%22billet_Mourad_el_Midoussi.pdf%22&AWSAccessKeyId=AKIAIZJDPLX6D7EHVCKA&Signature=sDJmHg%2BxU%2FE28dr4QvU9L32ZGfY%3D&Expires=1745442500
Mail sent successfully.
PDF Generated: https://pdf-temp-files.s3.amazonaws.com/BK2OHVYO65NXAQW135SJARE9K7K8VGQP/billet_Yahya_el_Karoui.pdf?response-content-type=application%2Foctet-stream&response-content-disposition=attachment%3B%20filename%3D%22billet_Yahya_el_Karoui.pdf%22&AWSAccessKeyId=AKIAIZJDPLX6D7EHVCKA&Signature=28intX0GUt6ijFEzp6snAIqXr6M%3D&Expires=1745443120
Mail sent successfully.
PDF Generated: https://pdf-temp-files.s3.amazonaws.com/DJC2HKPIC9HN8ROANA862D9U55VV6CWA/billet_Mourad_el_Midoussi.pdf?response-content-type=application%2Foctet-stream&response-content-disposition=attachment%3B%20filename%3D%22billet_Mourad_el_Midoussi.pdf%22&AWSAccessKeyId=AKIAIZJDPLX6D7EHVCKA&Signature=ohyg0Ie7iu9Yo%2F1TLOKpa4YZOKw%3D&Expires=1745443212
Mail sent successfully.
